   1               		.file	"ext_interrupt.c"
   2               	__SREG__ = 0x3f
   3               	__SP_H__ = 0x3e
   4               	__SP_L__ = 0x3d
   5               	__CCP__  = 0x34
   6               	__tmp_reg__ = 0
   7               	__zero_reg__ = 1
  15               	.Ltext0:
  16               	.global	delay
  18               	delay:
  19               	.LFB6:
  20               	.LM1:
  21 0000 DF93      		push r29
  22 0002 CF93      		push r28
  23 0004 CDB7      		in r28,__SP_L__
  24 0006 DEB7      		in r29,__SP_H__
  25 0008 6497      		sbiw r28,20
  26 000a 0FB6      		in __tmp_reg__,__SREG__
  27 000c F894      		cli
  28 000e DEBF      		out __SP_H__,r29
  29 0010 0FBE      		out __SREG__,__tmp_reg__
  30 0012 CDBF      		out __SP_L__,r28
  31               	/* prologue: function */
  32               	/* frame size = 20 */
  33 0014 698B      		std Y+17,r22
  34 0016 7A8B      		std Y+18,r23
  35 0018 8B8B      		std Y+19,r24
  36 001a 9C8B      		std Y+20,r25
  37 001c 00C0      		rjmp .L2
  38               	.L13:
  39               	.LM2:
  40 001e 188A      		std Y+16,__zero_reg__
  41 0020 1F86      		std Y+15,__zero_reg__
  42 0022 00C0      		rjmp .L3
  43               	.L12:
  44 0024 80E0      		ldi r24,lo8(0x41200000)
  45 0026 90E0      		ldi r25,hi8(0x41200000)
  46 0028 A0E2      		ldi r26,hlo8(0x41200000)
  47 002a B1E4      		ldi r27,hhi8(0x41200000)
  48 002c 8B87      		std Y+11,r24
  49 002e 9C87      		std Y+12,r25
  50 0030 AD87      		std Y+13,r26
  51 0032 BE87      		std Y+14,r27
  52               	.LBB8:
  53               	.LBB9:
  54               	.LM3:
  55 0034 6B85      		ldd r22,Y+11
  56 0036 7C85      		ldd r23,Y+12
  57 0038 8D85      		ldd r24,Y+13
  58 003a 9E85      		ldd r25,Y+14
  59 003c 20E0      		ldi r18,lo8(0x457a0000)
  60 003e 30E0      		ldi r19,hi8(0x457a0000)
  61 0040 4AE7      		ldi r20,hlo8(0x457a0000)
  62 0042 55E4      		ldi r21,hhi8(0x457a0000)
  63 0044 0E94 0000 		call __mulsf3
  64 0048 DC01      		movw r26,r24
  65 004a CB01      		movw r24,r22
  66 004c 8F83      		std Y+7,r24
  67 004e 9887      		std Y+8,r25
  68 0050 A987      		std Y+9,r26
  69 0052 BA87      		std Y+10,r27
  70               	.LM4:
  71 0054 6F81      		ldd r22,Y+7
  72 0056 7885      		ldd r23,Y+8
  73 0058 8985      		ldd r24,Y+9
  74 005a 9A85      		ldd r25,Y+10
  75 005c 20E0      		ldi r18,lo8(0x3f800000)
  76 005e 30E0      		ldi r19,hi8(0x3f800000)
  77 0060 40E8      		ldi r20,hlo8(0x3f800000)
  78 0062 5FE3      		ldi r21,hhi8(0x3f800000)
  79 0064 0E94 0000 		call __ltsf2
  80 0068 8823      		tst r24
  81 006a 04F4      		brge .L17
  82               	.L15:
  83               	.LM5:
  84 006c 81E0      		ldi r24,lo8(1)
  85 006e 90E0      		ldi r25,hi8(1)
  86 0070 9E83      		std Y+6,r25
  87 0072 8D83      		std Y+5,r24
  88 0074 00C0      		rjmp .L6
  89               	.L17:
  90               	.LM6:
  91 0076 6F81      		ldd r22,Y+7
  92 0078 7885      		ldd r23,Y+8
  93 007a 8985      		ldd r24,Y+9
  94 007c 9A85      		ldd r25,Y+10
  95 007e 20E0      		ldi r18,lo8(0x477fff00)
  96 0080 3FEF      		ldi r19,hi8(0x477fff00)
  97 0082 4FE7      		ldi r20,hlo8(0x477fff00)
  98 0084 57E4      		ldi r21,hhi8(0x477fff00)
  99 0086 0E94 0000 		call __gtsf2
 100 008a 1816      		cp __zero_reg__,r24
 101 008c 04F4      		brge .L18
 102               	.L16:
 103               	.LM7:
 104 008e 6B85      		ldd r22,Y+11
 105 0090 7C85      		ldd r23,Y+12
 106 0092 8D85      		ldd r24,Y+13
 107 0094 9E85      		ldd r25,Y+14
 108 0096 20E0      		ldi r18,lo8(0x41200000)
 109 0098 30E0      		ldi r19,hi8(0x41200000)
 110 009a 40E2      		ldi r20,hlo8(0x41200000)
 111 009c 51E4      		ldi r21,hhi8(0x41200000)
 112 009e 0E94 0000 		call __mulsf3
 113 00a2 DC01      		movw r26,r24
 114 00a4 CB01      		movw r24,r22
 115 00a6 BC01      		movw r22,r24
 116 00a8 CD01      		movw r24,r26
 117 00aa 0E94 0000 		call __fixunssfsi
 118 00ae DC01      		movw r26,r24
 119 00b0 CB01      		movw r24,r22
 120 00b2 9E83      		std Y+6,r25
 121 00b4 8D83      		std Y+5,r24
 122 00b6 00C0      		rjmp .L9
 123               	.L10:
 124 00b8 80E9      		ldi r24,lo8(400)
 125 00ba 91E0      		ldi r25,hi8(400)
 126 00bc 9C83      		std Y+4,r25
 127 00be 8B83      		std Y+3,r24
 128               	.LBB10:
 129               	.LBB11:
 130               	.LM8:
 131 00c0 8B81      		ldd r24,Y+3
 132 00c2 9C81      		ldd r25,Y+4
 133               	/* #APP */
 134               	 ;  105 "d:/softwares/winavr/lib/gcc/../../avr/include/util/delay_basic.h" 1
 135 00c4 0197      		1: sbiw r24,1
 136 00c6 01F4      		brne 1b
 137               	 ;  0 "" 2
 138               	/* #NOAPP */
 139 00c8 9C83      		std Y+4,r25
 140 00ca 8B83      		std Y+3,r24
 141               	.LBE11:
 142               	.LBE10:
 143               	.LM9:
 144 00cc 8D81      		ldd r24,Y+5
 145 00ce 9E81      		ldd r25,Y+6
 146 00d0 0197      		sbiw r24,1
 147 00d2 9E83      		std Y+6,r25
 148 00d4 8D83      		std Y+5,r24
 149               	.L9:
 150               	.LM10:
 151 00d6 8D81      		ldd r24,Y+5
 152 00d8 9E81      		ldd r25,Y+6
 153 00da 0097      		sbiw r24,0
 154 00dc 01F4      		brne .L10
 155 00de 00C0      		rjmp .L11
 156               	.L18:
 157               	.LM11:
 158 00e0 6F81      		ldd r22,Y+7
 159 00e2 7885      		ldd r23,Y+8
 160 00e4 8985      		ldd r24,Y+9
 161 00e6 9A85      		ldd r25,Y+10
 162 00e8 0E94 0000 		call __fixunssfsi
 163 00ec DC01      		movw r26,r24
 164 00ee CB01      		movw r24,r22
 165 00f0 9E83      		std Y+6,r25
 166 00f2 8D83      		std Y+5,r24
 167               	.L6:
 168 00f4 8D81      		ldd r24,Y+5
 169 00f6 9E81      		ldd r25,Y+6
 170 00f8 9A83      		std Y+2,r25
 171 00fa 8983      		std Y+1,r24
 172               	.LBB12:
 173               	.LBB13:
 174               	.LM12:
 175 00fc 8981      		ldd r24,Y+1
 176 00fe 9A81      		ldd r25,Y+2
 177               	/* #APP */
 178               	 ;  105 "d:/softwares/winavr/lib/gcc/../../avr/include/util/delay_basic.h" 1
 179 0100 0197      		1: sbiw r24,1
 180 0102 01F4      		brne 1b
 181               	 ;  0 "" 2
 182               	/* #NOAPP */
 183 0104 9A83      		std Y+2,r25
 184 0106 8983      		std Y+1,r24
 185               	.L11:
 186               	.LBE13:
 187               	.LBE12:
 188               	.LBE9:
 189               	.LBE8:
 190               	.LM13:
 191 0108 8F85      		ldd r24,Y+15
 192 010a 9889      		ldd r25,Y+16
 193 010c 0196      		adiw r24,1
 194 010e 988B      		std Y+16,r25
 195 0110 8F87      		std Y+15,r24
 196               	.L3:
 197 0112 8F85      		ldd r24,Y+15
 198 0114 9889      		ldd r25,Y+16
 199 0116 8436      		cpi r24,100
 200 0118 9105      		cpc r25,__zero_reg__
 201 011a 04F4      		brge .+2
 202 011c 00C0      		rjmp .L12
 203               	.LM14:
 204 011e 6989      		ldd r22,Y+17
 205 0120 7A89      		ldd r23,Y+18
 206 0122 8B89      		ldd r24,Y+19
 207 0124 9C89      		ldd r25,Y+20
 208 0126 20E0      		ldi r18,lo8(0x3f800000)
 209 0128 30E0      		ldi r19,hi8(0x3f800000)
 210 012a 40E8      		ldi r20,hlo8(0x3f800000)
 211 012c 5FE3      		ldi r21,hhi8(0x3f800000)
 212 012e 0E94 0000 		call __subsf3
 213 0132 DC01      		movw r26,r24
 214 0134 CB01      		movw r24,r22
 215 0136 898B      		std Y+17,r24
 216 0138 9A8B      		std Y+18,r25
 217 013a AB8B      		std Y+19,r26
 218 013c BC8B      		std Y+20,r27
 219               	.L2:
 220 013e 6989      		ldd r22,Y+17
 221 0140 7A89      		ldd r23,Y+18
 222 0142 8B89      		ldd r24,Y+19
 223 0144 9C89      		ldd r25,Y+20
 224 0146 20E0      		ldi r18,lo8(0x0)
 225 0148 30E0      		ldi r19,hi8(0x0)
 226 014a 40E0      		ldi r20,hlo8(0x0)
 227 014c 50E0      		ldi r21,hhi8(0x0)
 228 014e 0E94 0000 		call __nesf2
 229 0152 8823      		tst r24
 230 0154 01F0      		breq .+2
 231 0156 00C0      		rjmp .L13
 232               	/* epilogue start */
 233               	.LM15:
 234 0158 6496      		adiw r28,20
 235 015a 0FB6      		in __tmp_reg__,__SREG__
 236 015c F894      		cli
 237 015e DEBF      		out __SP_H__,r29
 238 0160 0FBE      		out __SREG__,__tmp_reg__
 239 0162 CDBF      		out __SP_L__,r28
 240 0164 CF91      		pop r28
 241 0166 DF91      		pop r29
 242 0168 0895      		ret
 243               	.LFE6:
 245               	.global	delay_10ms
 247               	delay_10ms:
 248               	.LFB7:
 249               	.LM16:
 250 016a DF93      		push r29
 251 016c CF93      		push r28
 252 016e CDB7      		in r28,__SP_L__
 253 0170 DEB7      		in r29,__SP_H__
 254 0172 6297      		sbiw r28,18
 255 0174 0FB6      		in __tmp_reg__,__SREG__
 256 0176 F894      		cli
 257 0178 DEBF      		out __SP_H__,r29
 258 017a 0FBE      		out __SREG__,__tmp_reg__
 259 017c CDBF      		out __SP_L__,r28
 260               	/* prologue: function */
 261               	/* frame size = 18 */
 262 017e 6F87      		std Y+15,r22
 263 0180 788B      		std Y+16,r23
 264 0182 898B      		std Y+17,r24
 265 0184 9A8B      		std Y+18,r25
 266 0186 00C0      		rjmp .L20
 267               	.L29:
 268               	.LM17:
 269 0188 80E0      		ldi r24,lo8(0x41200000)
 270 018a 90E0      		ldi r25,hi8(0x41200000)
 271 018c A0E2      		ldi r26,hlo8(0x41200000)
 272 018e B1E4      		ldi r27,hhi8(0x41200000)
 273 0190 8B87      		std Y+11,r24
 274 0192 9C87      		std Y+12,r25
 275 0194 AD87      		std Y+13,r26
 276 0196 BE87      		std Y+14,r27
 277               	.LBB20:
 278               	.LBB21:
 279               	.LM18:
 280 0198 6B85      		ldd r22,Y+11
 281 019a 7C85      		ldd r23,Y+12
 282 019c 8D85      		ldd r24,Y+13
 283 019e 9E85      		ldd r25,Y+14
 284 01a0 20E0      		ldi r18,lo8(0x457a0000)
 285 01a2 30E0      		ldi r19,hi8(0x457a0000)
 286 01a4 4AE7      		ldi r20,hlo8(0x457a0000)
 287 01a6 55E4      		ldi r21,hhi8(0x457a0000)
 288 01a8 0E94 0000 		call __mulsf3
 289 01ac DC01      		movw r26,r24
 290 01ae CB01      		movw r24,r22
 291 01b0 8F83      		std Y+7,r24
 292 01b2 9887      		std Y+8,r25
 293 01b4 A987      		std Y+9,r26
 294 01b6 BA87      		std Y+10,r27
 295               	.LM19:
 296 01b8 6F81      		ldd r22,Y+7
 297 01ba 7885      		ldd r23,Y+8
 298 01bc 8985      		ldd r24,Y+9
 299 01be 9A85      		ldd r25,Y+10
 300 01c0 20E0      		ldi r18,lo8(0x3f800000)
 301 01c2 30E0      		ldi r19,hi8(0x3f800000)
 302 01c4 40E8      		ldi r20,hlo8(0x3f800000)
 303 01c6 5FE3      		ldi r21,hhi8(0x3f800000)
 304 01c8 0E94 0000 		call __ltsf2
 305 01cc 8823      		tst r24
 306 01ce 04F4      		brge .L33
 307               	.L31:
 308               	.LM20:
 309 01d0 81E0      		ldi r24,lo8(1)
 310 01d2 90E0      		ldi r25,hi8(1)
 311 01d4 9E83      		std Y+6,r25
 312 01d6 8D83      		std Y+5,r24
 313 01d8 00C0      		rjmp .L23
 314               	.L33:
 315               	.LM21:
 316 01da 6F81      		ldd r22,Y+7
 317 01dc 7885      		ldd r23,Y+8
 318 01de 8985      		ldd r24,Y+9
 319 01e0 9A85      		ldd r25,Y+10
 320 01e2 20E0      		ldi r18,lo8(0x477fff00)
 321 01e4 3FEF      		ldi r19,hi8(0x477fff00)
 322 01e6 4FE7      		ldi r20,hlo8(0x477fff00)
 323 01e8 57E4      		ldi r21,hhi8(0x477fff00)
 324 01ea 0E94 0000 		call __gtsf2
 325 01ee 1816      		cp __zero_reg__,r24
 326 01f0 04F4      		brge .L34
 327               	.L32:
 328               	.LM22:
 329 01f2 6B85      		ldd r22,Y+11
 330 01f4 7C85      		ldd r23,Y+12
 331 01f6 8D85      		ldd r24,Y+13
 332 01f8 9E85      		ldd r25,Y+14
 333 01fa 20E0      		ldi r18,lo8(0x41200000)
 334 01fc 30E0      		ldi r19,hi8(0x41200000)
 335 01fe 40E2      		ldi r20,hlo8(0x41200000)
 336 0200 51E4      		ldi r21,hhi8(0x41200000)
 337 0202 0E94 0000 		call __mulsf3
 338 0206 DC01      		movw r26,r24
 339 0208 CB01      		movw r24,r22
 340 020a BC01      		movw r22,r24
 341 020c CD01      		movw r24,r26
 342 020e 0E94 0000 		call __fixunssfsi
 343 0212 DC01      		movw r26,r24
 344 0214 CB01      		movw r24,r22
 345 0216 9E83      		std Y+6,r25
 346 0218 8D83      		std Y+5,r24
 347 021a 00C0      		rjmp .L26
 348               	.L27:
 349 021c 80E9      		ldi r24,lo8(400)
 350 021e 91E0      		ldi r25,hi8(400)
 351 0220 9C83      		std Y+4,r25
 352 0222 8B83      		std Y+3,r24
 353               	.LBB22:
 354               	.LBB23:
 355               	.LM23:
 356 0224 8B81      		ldd r24,Y+3
 357 0226 9C81      		ldd r25,Y+4
 358               	/* #APP */
 359               	 ;  105 "d:/softwares/winavr/lib/gcc/../../avr/include/util/delay_basic.h" 1
 360 0228 0197      		1: sbiw r24,1
 361 022a 01F4      		brne 1b
 362               	 ;  0 "" 2
 363               	/* #NOAPP */
 364 022c 9C83      		std Y+4,r25
 365 022e 8B83      		std Y+3,r24
 366               	.LBE23:
 367               	.LBE22:
 368               	.LM24:
 369 0230 8D81      		ldd r24,Y+5
 370 0232 9E81      		ldd r25,Y+6
 371 0234 0197      		sbiw r24,1
 372 0236 9E83      		std Y+6,r25
 373 0238 8D83      		std Y+5,r24
 374               	.L26:
 375               	.LM25:
 376 023a 8D81      		ldd r24,Y+5
 377 023c 9E81      		ldd r25,Y+6
 378 023e 0097      		sbiw r24,0
 379 0240 01F4      		brne .L27
 380 0242 00C0      		rjmp .L28
 381               	.L34:
 382               	.LM26:
 383 0244 6F81      		ldd r22,Y+7
 384 0246 7885      		ldd r23,Y+8
 385 0248 8985      		ldd r24,Y+9
 386 024a 9A85      		ldd r25,Y+10
 387 024c 0E94 0000 		call __fixunssfsi
 388 0250 DC01      		movw r26,r24
 389 0252 CB01      		movw r24,r22
 390 0254 9E83      		std Y+6,r25
 391 0256 8D83      		std Y+5,r24
 392               	.L23:
 393 0258 8D81      		ldd r24,Y+5
 394 025a 9E81      		ldd r25,Y+6
 395 025c 9A83      		std Y+2,r25
 396 025e 8983      		std Y+1,r24
 397               	.LBB24:
 398               	.LBB25:
 399               	.LM27:
 400 0260 8981      		ldd r24,Y+1
 401 0262 9A81      		ldd r25,Y+2
 402               	/* #APP */
 403               	 ;  105 "d:/softwares/winavr/lib/gcc/../../avr/include/util/delay_basic.h" 1
 404 0264 0197      		1: sbiw r24,1
 405 0266 01F4      		brne 1b
 406               	 ;  0 "" 2
 407               	/* #NOAPP */
 408 0268 9A83      		std Y+2,r25
 409 026a 8983      		std Y+1,r24
 410               	.L28:
 411               	.LBE25:
 412               	.LBE24:
 413               	.LBE21:
 414               	.LBE20:
 415               	.LM28:
 416 026c 6F85      		ldd r22,Y+15
 417 026e 7889      		ldd r23,Y+16
 418 0270 8989      		ldd r24,Y+17
 419 0272 9A89      		ldd r25,Y+18
 420 0274 20E0      		ldi r18,lo8(0x3f800000)
 421 0276 30E0      		ldi r19,hi8(0x3f800000)
 422 0278 40E8      		ldi r20,hlo8(0x3f800000)
 423 027a 5FE3      		ldi r21,hhi8(0x3f800000)
 424 027c 0E94 0000 		call __subsf3
 425 0280 DC01      		movw r26,r24
 426 0282 CB01      		movw r24,r22
 427 0284 8F87      		std Y+15,r24
 428 0286 988B      		std Y+16,r25
 429 0288 A98B      		std Y+17,r26
 430 028a BA8B      		std Y+18,r27
 431               	.L20:
 432 028c 6F85      		ldd r22,Y+15
 433 028e 7889      		ldd r23,Y+16
 434 0290 8989      		ldd r24,Y+17
 435 0292 9A89      		ldd r25,Y+18
 436 0294 20E0      		ldi r18,lo8(0x0)
 437 0296 30E0      		ldi r19,hi8(0x0)
 438 0298 40E0      		ldi r20,hlo8(0x0)
 439 029a 50E0      		ldi r21,hhi8(0x0)
 440 029c 0E94 0000 		call __nesf2
 441 02a0 8823      		tst r24
 442 02a2 01F0      		breq .+2
 443 02a4 00C0      		rjmp .L29
 444               	/* epilogue start */
 445               	.LM29:
 446 02a6 6296      		adiw r28,18
 447 02a8 0FB6      		in __tmp_reg__,__SREG__
 448 02aa F894      		cli
 449 02ac DEBF      		out __SP_H__,r29
 450 02ae 0FBE      		out __SREG__,__tmp_reg__
 451 02b0 CDBF      		out __SP_L__,r28
 452 02b2 CF91      		pop r28
 453 02b4 DF91      		pop r29
 454 02b6 0895      		ret
 455               	.LFE7:
 457               	.global	delay_10us
 459               	delay_10us:
 460               	.LFB8:
 461               	.LM30:
 462 02b8 DF93      		push r29
 463 02ba CF93      		push r28
 464 02bc CDB7      		in r28,__SP_L__
 465 02be DEB7      		in r29,__SP_H__
 466 02c0 6A97      		sbiw r28,26
 467 02c2 0FB6      		in __tmp_reg__,__SREG__
 468 02c4 F894      		cli
 469 02c6 DEBF      		out __SP_H__,r29
 470 02c8 0FBE      		out __SREG__,__tmp_reg__
 471 02ca CDBF      		out __SP_L__,r28
 472               	/* prologue: function */
 473               	/* frame size = 26 */
 474 02cc 9A8F      		std Y+26,r25
 475 02ce 898F      		std Y+25,r24
 476 02d0 00C0      		rjmp .L36
 477               	.L51:
 478               	.LM31:
 479 02d2 80E0      		ldi r24,lo8(0x41200000)
 480 02d4 90E0      		ldi r25,hi8(0x41200000)
 481 02d6 A0E2      		ldi r26,hlo8(0x41200000)
 482 02d8 B1E4      		ldi r27,hhi8(0x41200000)
 483 02da 8D8B      		std Y+21,r24
 484 02dc 9E8B      		std Y+22,r25
 485 02de AF8B      		std Y+23,r26
 486 02e0 B88F      		std Y+24,r27
 487               	.LBB36:
 488               	.LBB37:
 489               	.LM32:
 490 02e2 6D89      		ldd r22,Y+21
 491 02e4 7E89      		ldd r23,Y+22
 492 02e6 8F89      		ldd r24,Y+23
 493 02e8 988D      		ldd r25,Y+24
 494 02ea 2BEA      		ldi r18,lo8(0x40aaaaab)
 495 02ec 3AEA      		ldi r19,hi8(0x40aaaaab)
 496 02ee 4AEA      		ldi r20,hlo8(0x40aaaaab)
 497 02f0 50E4      		ldi r21,hhi8(0x40aaaaab)
 498 02f2 0E94 0000 		call __mulsf3
 499 02f6 DC01      		movw r26,r24
 500 02f8 CB01      		movw r24,r22
 501 02fa 898B      		std Y+17,r24
 502 02fc 9A8B      		std Y+18,r25
 503 02fe AB8B      		std Y+19,r26
 504 0300 BC8B      		std Y+20,r27
 505               	.LM33:
 506 0302 6989      		ldd r22,Y+17
 507 0304 7A89      		ldd r23,Y+18
 508 0306 8B89      		ldd r24,Y+19
 509 0308 9C89      		ldd r25,Y+20
 510 030a 20E0      		ldi r18,lo8(0x3f800000)
 511 030c 30E0      		ldi r19,hi8(0x3f800000)
 512 030e 40E8      		ldi r20,hlo8(0x3f800000)
 513 0310 5FE3      		ldi r21,hhi8(0x3f800000)
 514 0312 0E94 0000 		call __ltsf2
 515 0316 8823      		tst r24
 516 0318 04F4      		brge .L57
 517               	.L53:
 518               	.LM34:
 519 031a 81E0      		ldi r24,lo8(1)
 520 031c 888B      		std Y+16,r24
 521 031e 00C0      		rjmp .L39
 522               	.L57:
 523               	.LM35:
 524 0320 6989      		ldd r22,Y+17
 525 0322 7A89      		ldd r23,Y+18
 526 0324 8B89      		ldd r24,Y+19
 527 0326 9C89      		ldd r25,Y+20
 528 0328 20E0      		ldi r18,lo8(0x437f0000)
 529 032a 30E0      		ldi r19,hi8(0x437f0000)
 530 032c 4FE7      		ldi r20,hlo8(0x437f0000)
 531 032e 53E4      		ldi r21,hhi8(0x437f0000)
 532 0330 0E94 0000 		call __gtsf2
 533 0334 1816      		cp __zero_reg__,r24
 534 0336 04F0      		brlt .+2
 535 0338 00C0      		rjmp .L58
 536               	.L54:
 537               	.LM36:
 538 033a 6D89      		ldd r22,Y+21
 539 033c 7E89      		ldd r23,Y+22
 540 033e 8F89      		ldd r24,Y+23
 541 0340 988D      		ldd r25,Y+24
 542 0342 20E0      		ldi r18,lo8(0x447a0000)
 543 0344 30E0      		ldi r19,hi8(0x447a0000)
 544 0346 4AE7      		ldi r20,hlo8(0x447a0000)
 545 0348 54E4      		ldi r21,hhi8(0x447a0000)
 546 034a 0E94 0000 		call __divsf3
 547 034e DC01      		movw r26,r24
 548 0350 CB01      		movw r24,r22
 549 0352 8C87      		std Y+12,r24
 550 0354 9D87      		std Y+13,r25
 551 0356 AE87      		std Y+14,r26
 552 0358 BF87      		std Y+15,r27
 553               	.LBB38:
 554               	.LBB39:
 555               	.LM37:
 556 035a 6C85      		ldd r22,Y+12
 557 035c 7D85      		ldd r23,Y+13
 558 035e 8E85      		ldd r24,Y+14
 559 0360 9F85      		ldd r25,Y+15
 560 0362 20E0      		ldi r18,lo8(0x457a0000)
 561 0364 30E0      		ldi r19,hi8(0x457a0000)
 562 0366 4AE7      		ldi r20,hlo8(0x457a0000)
 563 0368 55E4      		ldi r21,hhi8(0x457a0000)
 564 036a 0E94 0000 		call __mulsf3
 565 036e DC01      		movw r26,r24
 566 0370 CB01      		movw r24,r22
 567 0372 8887      		std Y+8,r24
 568 0374 9987      		std Y+9,r25
 569 0376 AA87      		std Y+10,r26
 570 0378 BB87      		std Y+11,r27
 571               	.LM38:
 572 037a 6885      		ldd r22,Y+8
 573 037c 7985      		ldd r23,Y+9
 574 037e 8A85      		ldd r24,Y+10
 575 0380 9B85      		ldd r25,Y+11
 576 0382 20E0      		ldi r18,lo8(0x3f800000)
 577 0384 30E0      		ldi r19,hi8(0x3f800000)
 578 0386 40E8      		ldi r20,hlo8(0x3f800000)
 579 0388 5FE3      		ldi r21,hhi8(0x3f800000)
 580 038a 0E94 0000 		call __ltsf2
 581 038e 8823      		tst r24
 582 0390 04F4      		brge .L59
 583               	.L55:
 584               	.LM39:
 585 0392 81E0      		ldi r24,lo8(1)
 586 0394 90E0      		ldi r25,hi8(1)
 587 0396 9F83      		std Y+7,r25
 588 0398 8E83      		std Y+6,r24
 589 039a 00C0      		rjmp .L44
 590               	.L59:
 591               	.LM40:
 592 039c 6885      		ldd r22,Y+8
 593 039e 7985      		ldd r23,Y+9
 594 03a0 8A85      		ldd r24,Y+10
 595 03a2 9B85      		ldd r25,Y+11
 596 03a4 20E0      		ldi r18,lo8(0x477fff00)
 597 03a6 3FEF      		ldi r19,hi8(0x477fff00)
 598 03a8 4FE7      		ldi r20,hlo8(0x477fff00)
 599 03aa 57E4      		ldi r21,hhi8(0x477fff00)
 600 03ac 0E94 0000 		call __gtsf2
 601 03b0 1816      		cp __zero_reg__,r24
 602 03b2 04F4      		brge .L60
 603               	.L56:
 604               	.LM41:
 605 03b4 6C85      		ldd r22,Y+12
 606 03b6 7D85      		ldd r23,Y+13
 607 03b8 8E85      		ldd r24,Y+14
 608 03ba 9F85      		ldd r25,Y+15
 609 03bc 20E0      		ldi r18,lo8(0x41200000)
 610 03be 30E0      		ldi r19,hi8(0x41200000)
 611 03c0 40E2      		ldi r20,hlo8(0x41200000)
 612 03c2 51E4      		ldi r21,hhi8(0x41200000)
 613 03c4 0E94 0000 		call __mulsf3
 614 03c8 DC01      		movw r26,r24
 615 03ca CB01      		movw r24,r22
 616 03cc BC01      		movw r22,r24
 617 03ce CD01      		movw r24,r26
 618 03d0 0E94 0000 		call __fixunssfsi
 619 03d4 DC01      		movw r26,r24
 620 03d6 CB01      		movw r24,r22
 621 03d8 9F83      		std Y+7,r25
 622 03da 8E83      		std Y+6,r24
 623 03dc 00C0      		rjmp .L47
 624               	.L48:
 625 03de 80E9      		ldi r24,lo8(400)
 626 03e0 91E0      		ldi r25,hi8(400)
 627 03e2 9D83      		std Y+5,r25
 628 03e4 8C83      		std Y+4,r24
 629               	.LBB40:
 630               	.LBB41:
 631               	.LM42:
 632 03e6 8C81      		ldd r24,Y+4
 633 03e8 9D81      		ldd r25,Y+5
 634               	/* #APP */
 635               	 ;  105 "d:/softwares/winavr/lib/gcc/../../avr/include/util/delay_basic.h" 1
 636 03ea 0197      		1: sbiw r24,1
 637 03ec 01F4      		brne 1b
 638               	 ;  0 "" 2
 639               	/* #NOAPP */
 640 03ee 9D83      		std Y+5,r25
 641 03f0 8C83      		std Y+4,r24
 642               	.LBE41:
 643               	.LBE40:
 644               	.LM43:
 645 03f2 8E81      		ldd r24,Y+6
 646 03f4 9F81      		ldd r25,Y+7
 647 03f6 0197      		sbiw r24,1
 648 03f8 9F83      		std Y+7,r25
 649 03fa 8E83      		std Y+6,r24
 650               	.L47:
 651               	.LM44:
 652 03fc 8E81      		ldd r24,Y+6
 653 03fe 9F81      		ldd r25,Y+7
 654 0400 0097      		sbiw r24,0
 655 0402 01F4      		brne .L48
 656 0404 00C0      		rjmp .L50
 657               	.L60:
 658               	.LM45:
 659 0406 6885      		ldd r22,Y+8
 660 0408 7985      		ldd r23,Y+9
 661 040a 8A85      		ldd r24,Y+10
 662 040c 9B85      		ldd r25,Y+11
 663 040e 0E94 0000 		call __fixunssfsi
 664 0412 DC01      		movw r26,r24
 665 0414 CB01      		movw r24,r22
 666 0416 9F83      		std Y+7,r25
 667 0418 8E83      		std Y+6,r24
 668               	.L44:
 669 041a 8E81      		ldd r24,Y+6
 670 041c 9F81      		ldd r25,Y+7
 671 041e 9B83      		std Y+3,r25
 672 0420 8A83      		std Y+2,r24
 673               	.LBB42:
 674               	.LBB43:
 675               	.LM46:
 676 0422 8A81      		ldd r24,Y+2
 677 0424 9B81      		ldd r25,Y+3
 678               	/* #APP */
 679               	 ;  105 "d:/softwares/winavr/lib/gcc/../../avr/include/util/delay_basic.h" 1
 680 0426 0197      		1: sbiw r24,1
 681 0428 01F4      		brne 1b
 682               	 ;  0 "" 2
 683               	/* #NOAPP */
 684 042a 9B83      		std Y+3,r25
 685 042c 8A83      		std Y+2,r24
 686 042e 00C0      		rjmp .L50
 687               	.L58:
 688               	.LBE43:
 689               	.LBE42:
 690               	.LBE39:
 691               	.LBE38:
 692               	.LM47:
 693 0430 6989      		ldd r22,Y+17
 694 0432 7A89      		ldd r23,Y+18
 695 0434 8B89      		ldd r24,Y+19
 696 0436 9C89      		ldd r25,Y+20
 697 0438 0E94 0000 		call __fixunssfsi
 698 043c DC01      		movw r26,r24
 699 043e CB01      		movw r24,r22
 700 0440 888B      		std Y+16,r24
 701               	.L39:
 702 0442 8889      		ldd r24,Y+16
 703 0444 8983      		std Y+1,r24
 704               	.LBB44:
 705               	.LBB45:
 706               	.LM48:
 707 0446 8981      		ldd r24,Y+1
 708               	/* #APP */
 709               	 ;  83 "d:/softwares/winavr/lib/gcc/../../avr/include/util/delay_basic.h" 1
 710 0448 8A95      		1: dec r24
 711 044a 01F4      		brne 1b
 712               	 ;  0 "" 2
 713               	/* #NOAPP */
 714 044c 8983      		std Y+1,r24
 715               	.L50:
 716               	.LBE45:
 717               	.LBE44:
 718               	.LBE37:
 719               	.LBE36:
 720               	.LM49:
 721 044e 898D      		ldd r24,Y+25
 722 0450 9A8D      		ldd r25,Y+26
 723 0452 0197      		sbiw r24,1
 724 0454 9A8F      		std Y+26,r25
 725 0456 898F      		std Y+25,r24
 726               	.L36:
 727 0458 898D      		ldd r24,Y+25
 728 045a 9A8D      		ldd r25,Y+26
 729 045c 0097      		sbiw r24,0
 730 045e 01F0      		breq .+2
 731 0460 00C0      		rjmp .L51
 732               	/* epilogue start */
 733               	.LM50:
 734 0462 6A96      		adiw r28,26
 735 0464 0FB6      		in __tmp_reg__,__SREG__
 736 0466 F894      		cli
 737 0468 DEBF      		out __SP_H__,r29
 738 046a 0FBE      		out __SREG__,__tmp_reg__
 739 046c CDBF      		out __SP_L__,r28
 740 046e CF91      		pop r28
 741 0470 DF91      		pop r29
 742 0472 0895      		ret
 743               	.LFE8:
 745               	.global	main
 747               	main:
 748               	.LFB9:
 749               	.LM51:
 750 0474 DF93      		push r29
 751 0476 CF93      		push r28
 752 0478 CDB7      		in r28,__SP_L__
 753 047a DEB7      		in r29,__SP_H__
 754 047c 2E97      		sbiw r28,14
 755 047e 0FB6      		in __tmp_reg__,__SREG__
 756 0480 F894      		cli
 757 0482 DEBF      		out __SP_H__,r29
 758 0484 0FBE      		out __SREG__,__tmp_reg__
 759 0486 CDBF      		out __SP_L__,r28
 760               	/* prologue: function */
 761               	/* frame size = 14 */
 762               	.LM52:
 763 0488 EAE3      		ldi r30,lo8(58)
 764 048a F0E0      		ldi r31,hi8(58)
 765 048c 8FEF      		ldi r24,lo8(-1)
 766 048e 8083      		st Z,r24
 767               	.LM53:
 768 0490 EBE3      		ldi r30,lo8(59)
 769 0492 F0E0      		ldi r31,hi8(59)
 770 0494 8FEF      		ldi r24,lo8(-1)
 771 0496 8083      		st Z,r24
 772               	.LM54:
 773 0498 E2E3      		ldi r30,lo8(50)
 774 049a F0E0      		ldi r31,hi8(50)
 775 049c 8FEF      		ldi r24,lo8(-1)
 776 049e 8083      		st Z,r24
 777               	.LM55:
 778               	/* #APP */
 779               	 ;  9 "ext_interrupt.c" 1
 780 04a0 7894      		sei
 781               	 ;  0 "" 2
 782               	.LM56:
 783               	/* #NOAPP */
 784 04a2 E5E5      		ldi r30,lo8(85)
 785 04a4 F0E0      		ldi r31,hi8(85)
 786 04a6 1082      		st Z,__zero_reg__
 787               	.LM57:
 788 04a8 EBE5      		ldi r30,lo8(91)
 789 04aa F0E0      		ldi r31,hi8(91)
 790 04ac 80ED      		ldi r24,lo8(-48)
 791 04ae 8083      		st Z,r24
 792               	.LM58:
 793 04b0 E3E5      		ldi r30,lo8(83)
 794 04b2 F0E0      		ldi r31,hi8(83)
 795 04b4 85E4      		ldi r24,lo8(69)
 796 04b6 8083      		st Z,r24
 797               	.LM59:
 798 04b8 E9E5      		ldi r30,lo8(89)
 799 04ba F0E0      		ldi r31,hi8(89)
 800 04bc 81E0      		ldi r24,lo8(1)
 801 04be 8083      		st Z,r24
 802               	.L70:
 803 04c0 80E0      		ldi r24,lo8(0x42c80000)
 804 04c2 90E0      		ldi r25,hi8(0x42c80000)
 805 04c4 A8EC      		ldi r26,hlo8(0x42c80000)
 806 04c6 B2E4      		ldi r27,hhi8(0x42c80000)
 807 04c8 8B87      		std Y+11,r24
 808 04ca 9C87      		std Y+12,r25
 809 04cc AD87      		std Y+13,r26
 810 04ce BE87      		std Y+14,r27
 811               	.LBB52:
 812               	.LBB53:
 813               	.LM60:
 814 04d0 6B85      		ldd r22,Y+11
 815 04d2 7C85      		ldd r23,Y+12
 816 04d4 8D85      		ldd r24,Y+13
 817 04d6 9E85      		ldd r25,Y+14
 818 04d8 20E0      		ldi r18,lo8(0x457a0000)
 819 04da 30E0      		ldi r19,hi8(0x457a0000)
 820 04dc 4AE7      		ldi r20,hlo8(0x457a0000)
 821 04de 55E4      		ldi r21,hhi8(0x457a0000)
 822 04e0 0E94 0000 		call __mulsf3
 823 04e4 DC01      		movw r26,r24
 824 04e6 CB01      		movw r24,r22
 825 04e8 8F83      		std Y+7,r24
 826 04ea 9887      		std Y+8,r25
 827 04ec A987      		std Y+9,r26
 828 04ee BA87      		std Y+10,r27
 829               	.LM61:
 830 04f0 6F81      		ldd r22,Y+7
 831 04f2 7885      		ldd r23,Y+8
 832 04f4 8985      		ldd r24,Y+9
 833 04f6 9A85      		ldd r25,Y+10
 834 04f8 20E0      		ldi r18,lo8(0x3f800000)
 835 04fa 30E0      		ldi r19,hi8(0x3f800000)
 836 04fc 40E8      		ldi r20,hlo8(0x3f800000)
 837 04fe 5FE3      		ldi r21,hhi8(0x3f800000)
 838 0500 0E94 0000 		call __ltsf2
 839 0504 8823      		tst r24
 840 0506 04F4      		brge .L74
 841               	.L72:
 842               	.LM62:
 843 0508 81E0      		ldi r24,lo8(1)
 844 050a 90E0      		ldi r25,hi8(1)
 845 050c 9E83      		std Y+6,r25
 846 050e 8D83      		std Y+5,r24
 847 0510 00C0      		rjmp .L64
 848               	.L74:
 849               	.LM63:
 850 0512 6F81      		ldd r22,Y+7
 851 0514 7885      		ldd r23,Y+8
 852 0516 8985      		ldd r24,Y+9
 853 0518 9A85      		ldd r25,Y+10
 854 051a 20E0      		ldi r18,lo8(0x477fff00)
 855 051c 3FEF      		ldi r19,hi8(0x477fff00)
 856 051e 4FE7      		ldi r20,hlo8(0x477fff00)
 857 0520 57E4      		ldi r21,hhi8(0x477fff00)
 858 0522 0E94 0000 		call __gtsf2
 859 0526 1816      		cp __zero_reg__,r24
 860 0528 04F4      		brge .L75
 861               	.L73:
 862               	.LM64:
 863 052a 6B85      		ldd r22,Y+11
 864 052c 7C85      		ldd r23,Y+12
 865 052e 8D85      		ldd r24,Y+13
 866 0530 9E85      		ldd r25,Y+14
 867 0532 20E0      		ldi r18,lo8(0x41200000)
 868 0534 30E0      		ldi r19,hi8(0x41200000)
 869 0536 40E2      		ldi r20,hlo8(0x41200000)
 870 0538 51E4      		ldi r21,hhi8(0x41200000)
 871 053a 0E94 0000 		call __mulsf3
 872 053e DC01      		movw r26,r24
 873 0540 CB01      		movw r24,r22
 874 0542 BC01      		movw r22,r24
 875 0544 CD01      		movw r24,r26
 876 0546 0E94 0000 		call __fixunssfsi
 877 054a DC01      		movw r26,r24
 878 054c CB01      		movw r24,r22
 879 054e 9E83      		std Y+6,r25
 880 0550 8D83      		std Y+5,r24
 881 0552 00C0      		rjmp .L67
 882               	.L68:
 883 0554 80E9      		ldi r24,lo8(400)
 884 0556 91E0      		ldi r25,hi8(400)
 885 0558 9C83      		std Y+4,r25
 886 055a 8B83      		std Y+3,r24
 887               	.LBB54:
 888               	.LBB55:
 889               	.LM65:
 890 055c 8B81      		ldd r24,Y+3
 891 055e 9C81      		ldd r25,Y+4
 892               	/* #APP */
 893               	 ;  105 "d:/softwares/winavr/lib/gcc/../../avr/include/util/delay_basic.h" 1
 894 0560 0197      		1: sbiw r24,1
 895 0562 01F4      		brne 1b
 896               	 ;  0 "" 2
 897               	/* #NOAPP */
 898 0564 9C83      		std Y+4,r25
 899 0566 8B83      		std Y+3,r24
 900               	.LBE55:
 901               	.LBE54:
 902               	.LM66:
 903 0568 8D81      		ldd r24,Y+5
 904 056a 9E81      		ldd r25,Y+6
 905 056c 0197      		sbiw r24,1
 906 056e 9E83      		std Y+6,r25
 907 0570 8D83      		std Y+5,r24
 908               	.L67:
 909               	.LM67:
 910 0572 8D81      		ldd r24,Y+5
 911 0574 9E81      		ldd r25,Y+6
 912 0576 0097      		sbiw r24,0
 913 0578 01F4      		brne .L68
 914 057a 00C0      		rjmp .L70
 915               	.L75:
 916               	.LM68:
 917 057c 6F81      		ldd r22,Y+7
 918 057e 7885      		ldd r23,Y+8
 919 0580 8985      		ldd r24,Y+9
 920 0582 9A85      		ldd r25,Y+10
 921 0584 0E94 0000 		call __fixunssfsi
 922 0588 DC01      		movw r26,r24
 923 058a CB01      		movw r24,r22
 924 058c 9E83      		std Y+6,r25
 925 058e 8D83      		std Y+5,r24
 926               	.L64:
 927 0590 8D81      		ldd r24,Y+5
 928 0592 9E81      		ldd r25,Y+6
 929 0594 9A83      		std Y+2,r25
 930 0596 8983      		std Y+1,r24
 931               	.LBB56:
 932               	.LBB57:
 933               	.LM69:
 934 0598 8981      		ldd r24,Y+1
 935 059a 9A81      		ldd r25,Y+2
 936               	/* #APP */
 937               	 ;  105 "d:/softwares/winavr/lib/gcc/../../avr/include/util/delay_basic.h" 1
 938 059c 0197      		1: sbiw r24,1
 939 059e 01F4      		brne 1b
 940               	 ;  0 "" 2
 941               	/* #NOAPP */
 942 05a0 9A83      		std Y+2,r25
 943 05a2 8983      		std Y+1,r24
 944 05a4 00C0      		rjmp .L70
 945               	.LBE57:
 946               	.LBE56:
 947               	.LBE53:
 948               	.LBE52:
 949               	.LFE9:
 951               	.global	__vector_1
 953               	__vector_1:
 954               	.LFB10:
 955               	.LM70:
 956 05a6 1F92      		push __zero_reg__
 957 05a8 0F92      		push r0
 958 05aa 0FB6      		in r0,__SREG__
 959 05ac 0F92      		push r0
 960 05ae 1124      		clr __zero_reg__
 961 05b0 2F93      		push r18
 962 05b2 3F93      		push r19
 963 05b4 4F93      		push r20
 964 05b6 5F93      		push r21
 965 05b8 6F93      		push r22
 966 05ba 7F93      		push r23
 967 05bc 8F93      		push r24
 968 05be 9F93      		push r25
 969 05c0 AF93      		push r26
 970 05c2 BF93      		push r27
 971 05c4 EF93      		push r30
 972 05c6 FF93      		push r31
 973 05c8 DF93      		push r29
 974 05ca CF93      		push r28
 975 05cc CDB7      		in r28,__SP_L__
 976 05ce DEB7      		in r29,__SP_H__
 977 05d0 2E97      		sbiw r28,14
 978 05d2 DEBF      		out __SP_H__,r29
 979 05d4 CDBF      		out __SP_L__,r28
 980               	/* prologue: Signal */
 981               	/* frame size = 14 */
 982               	.LM71:
 983 05d6 EBE3      		ldi r30,lo8(59)
 984 05d8 F0E0      		ldi r31,hi8(59)
 985 05da 8AEA      		ldi r24,lo8(-86)
 986 05dc 8083      		st Z,r24
 987 05de 80E0      		ldi r24,lo8(0x41200000)
 988 05e0 90E0      		ldi r25,hi8(0x41200000)
 989 05e2 A0E2      		ldi r26,hlo8(0x41200000)
 990 05e4 B1E4      		ldi r27,hhi8(0x41200000)
 991 05e6 8B87      		std Y+11,r24
 992 05e8 9C87      		std Y+12,r25
 993 05ea AD87      		std Y+13,r26
 994 05ec BE87      		std Y+14,r27
 995               	.LBB64:
 996               	.LBB65:
 997               	.LM72:
 998 05ee 6B85      		ldd r22,Y+11
 999 05f0 7C85      		ldd r23,Y+12
 1000 05f2 8D85      		ldd r24,Y+13
 1001 05f4 9E85      		ldd r25,Y+14
 1002 05f6 20E0      		ldi r18,lo8(0x457a0000)
 1003 05f8 30E0      		ldi r19,hi8(0x457a0000)
 1004 05fa 4AE7      		ldi r20,hlo8(0x457a0000)
 1005 05fc 55E4      		ldi r21,hhi8(0x457a0000)
 1006 05fe 0E94 0000 		call __mulsf3
 1007 0602 DC01      		movw r26,r24
 1008 0604 CB01      		movw r24,r22
 1009 0606 8F83      		std Y+7,r24
 1010 0608 9887      		std Y+8,r25
 1011 060a A987      		std Y+9,r26
 1012 060c BA87      		std Y+10,r27
 1013               	.LM73:
 1014 060e 6F81      		ldd r22,Y+7
 1015 0610 7885      		ldd r23,Y+8
 1016 0612 8985      		ldd r24,Y+9
 1017 0614 9A85      		ldd r25,Y+10
 1018 0616 20E0      		ldi r18,lo8(0x3f800000)
 1019 0618 30E0      		ldi r19,hi8(0x3f800000)
 1020 061a 40E8      		ldi r20,hlo8(0x3f800000)
 1021 061c 5FE3      		ldi r21,hhi8(0x3f800000)
 1022 061e 0E94 0000 		call __ltsf2
 1023 0622 8823      		tst r24
 1024 0624 04F4      		brge .L88
 1025               	.L86:
 1026               	.LM74:
 1027 0626 81E0      		ldi r24,lo8(1)
 1028 0628 90E0      		ldi r25,hi8(1)
 1029 062a 9E83      		std Y+6,r25
 1030 062c 8D83      		std Y+5,r24
 1031 062e 00C0      		rjmp .L79
 1032               	.L88:
 1033               	.LM75:
 1034 0630 6F81      		ldd r22,Y+7
 1035 0632 7885      		ldd r23,Y+8
 1036 0634 8985      		ldd r24,Y+9
 1037 0636 9A85      		ldd r25,Y+10
 1038 0638 20E0      		ldi r18,lo8(0x477fff00)
 1039 063a 3FEF      		ldi r19,hi8(0x477fff00)
 1040 063c 4FE7      		ldi r20,hlo8(0x477fff00)
 1041 063e 57E4      		ldi r21,hhi8(0x477fff00)
 1042 0640 0E94 0000 		call __gtsf2
 1043 0644 1816      		cp __zero_reg__,r24
 1044 0646 04F4      		brge .L89
 1045               	.L87:
 1046               	.LM76:
 1047 0648 6B85      		ldd r22,Y+11
 1048 064a 7C85      		ldd r23,Y+12
 1049 064c 8D85      		ldd r24,Y+13
 1050 064e 9E85      		ldd r25,Y+14
 1051 0650 20E0      		ldi r18,lo8(0x41200000)
 1052 0652 30E0      		ldi r19,hi8(0x41200000)
 1053 0654 40E2      		ldi r20,hlo8(0x41200000)
 1054 0656 51E4      		ldi r21,hhi8(0x41200000)
 1055 0658 0E94 0000 		call __mulsf3
 1056 065c DC01      		movw r26,r24
 1057 065e CB01      		movw r24,r22
 1058 0660 BC01      		movw r22,r24
 1059 0662 CD01      		movw r24,r26
 1060 0664 0E94 0000 		call __fixunssfsi
 1061 0668 DC01      		movw r26,r24
 1062 066a CB01      		movw r24,r22
 1063 066c 9E83      		std Y+6,r25
 1064 066e 8D83      		std Y+5,r24
 1065 0670 00C0      		rjmp .L82
 1066               	.L83:
 1067 0672 80E9      		ldi r24,lo8(400)
 1068 0674 91E0      		ldi r25,hi8(400)
 1069 0676 9C83      		std Y+4,r25
 1070 0678 8B83      		std Y+3,r24
 1071               	.LBB66:
 1072               	.LBB67:
 1073               	.LM77:
 1074 067a 8B81      		ldd r24,Y+3
 1075 067c 9C81      		ldd r25,Y+4
 1076               	/* #APP */
 1077               	 ;  105 "d:/softwares/winavr/lib/gcc/../../avr/include/util/delay_basic.h" 1
 1078 067e 0197      		1: sbiw r24,1
 1079 0680 01F4      		brne 1b
 1080               	 ;  0 "" 2
 1081               	/* #NOAPP */
 1082 0682 9C83      		std Y+4,r25
 1083 0684 8B83      		std Y+3,r24
 1084               	.LBE67:
 1085               	.LBE66:
 1086               	.LM78:
 1087 0686 8D81      		ldd r24,Y+5
 1088 0688 9E81      		ldd r25,Y+6
 1089 068a 0197      		sbiw r24,1
 1090 068c 9E83      		std Y+6,r25
 1091 068e 8D83      		std Y+5,r24
 1092               	.L82:
 1093               	.LM79:
 1094 0690 8D81      		ldd r24,Y+5
 1095 0692 9E81      		ldd r25,Y+6
 1096 0694 0097      		sbiw r24,0
 1097 0696 01F4      		brne .L83
 1098 0698 00C0      		rjmp .L85
 1099               	.L89:
 1100               	.LM80:
 1101 069a 6F81      		ldd r22,Y+7
 1102 069c 7885      		ldd r23,Y+8
 1103 069e 8985      		ldd r24,Y+9
 1104 06a0 9A85      		ldd r25,Y+10
 1105 06a2 0E94 0000 		call __fixunssfsi
 1106 06a6 DC01      		movw r26,r24
 1107 06a8 CB01      		movw r24,r22
 1108 06aa 9E83      		std Y+6,r25
 1109 06ac 8D83      		std Y+5,r24
 1110               	.L79:
 1111 06ae 8D81      		ldd r24,Y+5
 1112 06b0 9E81      		ldd r25,Y+6
 1113 06b2 9A83      		std Y+2,r25
 1114 06b4 8983      		std Y+1,r24
 1115               	.LBB68:
 1116               	.LBB69:
 1117               	.LM81:
 1118 06b6 8981      		ldd r24,Y+1
 1119 06b8 9A81      		ldd r25,Y+2
 1120               	/* #APP */
 1121               	 ;  105 "d:/softwares/winavr/lib/gcc/../../avr/include/util/delay_basic.h" 1
 1122 06ba 0197      		1: sbiw r24,1
 1123 06bc 01F4      		brne 1b
 1124               	 ;  0 "" 2
 1125               	/* #NOAPP */
 1126 06be 9A83      		std Y+2,r25
 1127 06c0 8983      		std Y+1,r24
 1128               	.L85:
 1129               	/* epilogue start */
 1130               	.LBE69:
 1131               	.LBE68:
 1132               	.LBE65:
 1133               	.LBE64:
 1134               	.LM82:
 1135 06c2 2E96      		adiw r28,14
 1136 06c4 DEBF      		out __SP_H__,r29
 1137 06c6 CDBF      		out __SP_L__,r28
 1138 06c8 CF91      		pop r28
 1139 06ca DF91      		pop r29
 1140 06cc FF91      		pop r31
 1141 06ce EF91      		pop r30
 1142 06d0 BF91      		pop r27
 1143 06d2 AF91      		pop r26
 1144 06d4 9F91      		pop r25
 1145 06d6 8F91      		pop r24
 1146 06d8 7F91      		pop r23
 1147 06da 6F91      		pop r22
 1148 06dc 5F91      		pop r21
 1149 06de 4F91      		pop r20
 1150 06e0 3F91      		pop r19
 1151 06e2 2F91      		pop r18
 1152 06e4 0F90      		pop r0
 1153 06e6 0FBE      		out __SREG__,r0
 1154 06e8 0F90      		pop r0
 1155 06ea 1F90      		pop __zero_reg__
 1156 06ec 1895      		reti
 1157               	.LFE10:
 1159               	.global	__vector_2
 1161               	__vector_2:
 1162               	.LFB11:
 1163               	.LM83:
 1164 06ee 1F92      		push __zero_reg__
 1165 06f0 0F92      		push r0
 1166 06f2 0FB6      		in r0,__SREG__
 1167 06f4 0F92      		push r0
 1168 06f6 1124      		clr __zero_reg__
 1169 06f8 2F93      		push r18
 1170 06fa 3F93      		push r19
 1171 06fc 4F93      		push r20
 1172 06fe 5F93      		push r21
 1173 0700 6F93      		push r22
 1174 0702 7F93      		push r23
 1175 0704 8F93      		push r24
 1176 0706 9F93      		push r25
 1177 0708 AF93      		push r26
 1178 070a BF93      		push r27
 1179 070c EF93      		push r30
 1180 070e FF93      		push r31
 1181 0710 DF93      		push r29
 1182 0712 CF93      		push r28
 1183 0714 CDB7      		in r28,__SP_L__
 1184 0716 DEB7      		in r29,__SP_H__
 1185 0718 2E97      		sbiw r28,14
 1186 071a DEBF      		out __SP_H__,r29
 1187 071c CDBF      		out __SP_L__,r28
 1188               	/* prologue: Signal */
 1189               	/* frame size = 14 */
 1190               	.LM84:
 1191 071e EBE3      		ldi r30,lo8(59)
 1192 0720 F0E0      		ldi r31,hi8(59)
 1193 0722 85E5      		ldi r24,lo8(85)
 1194 0724 8083      		st Z,r24
 1195 0726 80E0      		ldi r24,lo8(0x41200000)
 1196 0728 90E0      		ldi r25,hi8(0x41200000)
 1197 072a A0E2      		ldi r26,hlo8(0x41200000)
 1198 072c B1E4      		ldi r27,hhi8(0x41200000)
 1199 072e 8B87      		std Y+11,r24
 1200 0730 9C87      		std Y+12,r25
 1201 0732 AD87      		std Y+13,r26
 1202 0734 BE87      		std Y+14,r27
 1203               	.LBB76:
 1204               	.LBB77:
 1205               	.LM85:
 1206 0736 6B85      		ldd r22,Y+11
 1207 0738 7C85      		ldd r23,Y+12
 1208 073a 8D85      		ldd r24,Y+13
 1209 073c 9E85      		ldd r25,Y+14
 1210 073e 20E0      		ldi r18,lo8(0x457a0000)
 1211 0740 30E0      		ldi r19,hi8(0x457a0000)
 1212 0742 4AE7      		ldi r20,hlo8(0x457a0000)
 1213 0744 55E4      		ldi r21,hhi8(0x457a0000)
 1214 0746 0E94 0000 		call __mulsf3
 1215 074a DC01      		movw r26,r24
 1216 074c CB01      		movw r24,r22
 1217 074e 8F83      		std Y+7,r24
 1218 0750 9887      		std Y+8,r25
 1219 0752 A987      		std Y+9,r26
 1220 0754 BA87      		std Y+10,r27
 1221               	.LM86:
 1222 0756 6F81      		ldd r22,Y+7
 1223 0758 7885      		ldd r23,Y+8
 1224 075a 8985      		ldd r24,Y+9
 1225 075c 9A85      		ldd r25,Y+10
 1226 075e 20E0      		ldi r18,lo8(0x3f800000)
 1227 0760 30E0      		ldi r19,hi8(0x3f800000)
 1228 0762 40E8      		ldi r20,hlo8(0x3f800000)
 1229 0764 5FE3      		ldi r21,hhi8(0x3f800000)
 1230 0766 0E94 0000 		call __ltsf2
 1231 076a 8823      		tst r24
 1232 076c 04F4      		brge .L102
 1233               	.L100:
 1234               	.LM87:
 1235 076e 81E0      		ldi r24,lo8(1)
 1236 0770 90E0      		ldi r25,hi8(1)
 1237 0772 9E83      		std Y+6,r25
 1238 0774 8D83      		std Y+5,r24
 1239 0776 00C0      		rjmp .L93
 1240               	.L102:
 1241               	.LM88:
 1242 0778 6F81      		ldd r22,Y+7
 1243 077a 7885      		ldd r23,Y+8
 1244 077c 8985      		ldd r24,Y+9
 1245 077e 9A85      		ldd r25,Y+10
 1246 0780 20E0      		ldi r18,lo8(0x477fff00)
 1247 0782 3FEF      		ldi r19,hi8(0x477fff00)
 1248 0784 4FE7      		ldi r20,hlo8(0x477fff00)
 1249 0786 57E4      		ldi r21,hhi8(0x477fff00)
 1250 0788 0E94 0000 		call __gtsf2
 1251 078c 1816      		cp __zero_reg__,r24
 1252 078e 04F4      		brge .L103
 1253               	.L101:
 1254               	.LM89:
 1255 0790 6B85      		ldd r22,Y+11
 1256 0792 7C85      		ldd r23,Y+12
 1257 0794 8D85      		ldd r24,Y+13
 1258 0796 9E85      		ldd r25,Y+14
 1259 0798 20E0      		ldi r18,lo8(0x41200000)
 1260 079a 30E0      		ldi r19,hi8(0x41200000)
 1261 079c 40E2      		ldi r20,hlo8(0x41200000)
 1262 079e 51E4      		ldi r21,hhi8(0x41200000)
 1263 07a0 0E94 0000 		call __mulsf3
 1264 07a4 DC01      		movw r26,r24
 1265 07a6 CB01      		movw r24,r22
 1266 07a8 BC01      		movw r22,r24
 1267 07aa CD01      		movw r24,r26
 1268 07ac 0E94 0000 		call __fixunssfsi
 1269 07b0 DC01      		movw r26,r24
 1270 07b2 CB01      		movw r24,r22
 1271 07b4 9E83      		std Y+6,r25
 1272 07b6 8D83      		std Y+5,r24
 1273 07b8 00C0      		rjmp .L96
 1274               	.L97:
 1275 07ba 80E9      		ldi r24,lo8(400)
 1276 07bc 91E0      		ldi r25,hi8(400)
 1277 07be 9C83      		std Y+4,r25
 1278 07c0 8B83      		std Y+3,r24
 1279               	.LBB78:
 1280               	.LBB79:
 1281               	.LM90:
 1282 07c2 8B81      		ldd r24,Y+3
 1283 07c4 9C81      		ldd r25,Y+4
 1284               	/* #APP */
 1285               	 ;  105 "d:/softwares/winavr/lib/gcc/../../avr/include/util/delay_basic.h" 1
 1286 07c6 0197      		1: sbiw r24,1
 1287 07c8 01F4      		brne 1b
 1288               	 ;  0 "" 2
 1289               	/* #NOAPP */
 1290 07ca 9C83      		std Y+4,r25
 1291 07cc 8B83      		std Y+3,r24
 1292               	.LBE79:
 1293               	.LBE78:
 1294               	.LM91:
 1295 07ce 8D81      		ldd r24,Y+5
 1296 07d0 9E81      		ldd r25,Y+6
 1297 07d2 0197      		sbiw r24,1
 1298 07d4 9E83      		std Y+6,r25
 1299 07d6 8D83      		std Y+5,r24
 1300               	.L96:
 1301               	.LM92:
 1302 07d8 8D81      		ldd r24,Y+5
 1303 07da 9E81      		ldd r25,Y+6
 1304 07dc 0097      		sbiw r24,0
 1305 07de 01F4      		brne .L97
 1306 07e0 00C0      		rjmp .L99
 1307               	.L103:
 1308               	.LM93:
 1309 07e2 6F81      		ldd r22,Y+7
 1310 07e4 7885      		ldd r23,Y+8
 1311 07e6 8985      		ldd r24,Y+9
 1312 07e8 9A85      		ldd r25,Y+10
 1313 07ea 0E94 0000 		call __fixunssfsi
 1314 07ee DC01      		movw r26,r24
 1315 07f0 CB01      		movw r24,r22
 1316 07f2 9E83      		std Y+6,r25
 1317 07f4 8D83      		std Y+5,r24
 1318               	.L93:
 1319 07f6 8D81      		ldd r24,Y+5
 1320 07f8 9E81      		ldd r25,Y+6
 1321 07fa 9A83      		std Y+2,r25
 1322 07fc 8983      		std Y+1,r24
 1323               	.LBB80:
 1324               	.LBB81:
 1325               	.LM94:
 1326 07fe 8981      		ldd r24,Y+1
 1327 0800 9A81      		ldd r25,Y+2
 1328               	/* #APP */
 1329               	 ;  105 "d:/softwares/winavr/lib/gcc/../../avr/include/util/delay_basic.h" 1
 1330 0802 0197      		1: sbiw r24,1
 1331 0804 01F4      		brne 1b
 1332               	 ;  0 "" 2
 1333               	/* #NOAPP */
 1334 0806 9A83      		std Y+2,r25
 1335 0808 8983      		std Y+1,r24
 1336               	.L99:
 1337               	/* epilogue start */
 1338               	.LBE81:
 1339               	.LBE80:
 1340               	.LBE77:
 1341               	.LBE76:
 1342               	.LM95:
 1343 080a 2E96      		adiw r28,14
 1344 080c DEBF      		out __SP_H__,r29
 1345 080e CDBF      		out __SP_L__,r28
 1346 0810 CF91      		pop r28
 1347 0812 DF91      		pop r29
 1348 0814 FF91      		pop r31
 1349 0816 EF91      		pop r30
 1350 0818 BF91      		pop r27
 1351 081a AF91      		pop r26
 1352 081c 9F91      		pop r25
 1353 081e 8F91      		pop r24
 1354 0820 7F91      		pop r23
 1355 0822 6F91      		pop r22
 1356 0824 5F91      		pop r21
 1357 0826 4F91      		pop r20
 1358 0828 3F91      		pop r19
 1359 082a 2F91      		pop r18
 1360 082c 0F90      		pop r0
 1361 082e 0FBE      		out __SREG__,r0
 1362 0830 0F90      		pop r0
 1363 0832 1F90      		pop __zero_reg__
 1364 0834 1895      		reti
 1365               	.LFE11:
 1367               	.global	__vector_11
 1369               	__vector_11:
 1370               	.LFB12:
 1371               	.LM96:
 1372 0836 1F92      		push __zero_reg__
 1373 0838 0F92      		push r0
 1374 083a 0FB6      		in r0,__SREG__
 1375 083c 0F92      		push r0
 1376 083e 1124      		clr __zero_reg__
 1377 0840 2F93      		push r18
 1378 0842 3F93      		push r19
 1379 0844 4F93      		push r20
 1380 0846 5F93      		push r21
 1381 0848 6F93      		push r22
 1382 084a 7F93      		push r23
 1383 084c 8F93      		push r24
 1384 084e 9F93      		push r25
 1385 0850 AF93      		push r26
 1386 0852 BF93      		push r27
 1387 0854 EF93      		push r30
 1388 0856 FF93      		push r31
 1389 0858 DF93      		push r29
 1390 085a CF93      		push r28
 1391 085c CDB7      		in r28,__SP_L__
 1392 085e DEB7      		in r29,__SP_H__
 1393 0860 2E97      		sbiw r28,14
 1394 0862 DEBF      		out __SP_H__,r29
 1395 0864 CDBF      		out __SP_L__,r28
 1396               	/* prologue: Signal */
 1397               	/* frame size = 14 */
 1398               	.LM97:
 1399 0866 EBE3      		ldi r30,lo8(59)
 1400 0868 F0E0      		ldi r31,hi8(59)
 1401 086a 80E8      		ldi r24,lo8(-128)
 1402 086c 8083      		st Z,r24
 1403 086e 80E0      		ldi r24,lo8(0x41200000)
 1404 0870 90E0      		ldi r25,hi8(0x41200000)
 1405 0872 A0E2      		ldi r26,hlo8(0x41200000)
 1406 0874 B1E4      		ldi r27,hhi8(0x41200000)
 1407 0876 8B87      		std Y+11,r24
 1408 0878 9C87      		std Y+12,r25
 1409 087a AD87      		std Y+13,r26
 1410 087c BE87      		std Y+14,r27
 1411               	.LBB88:
 1412               	.LBB89:
 1413               	.LM98:
 1414 087e 6B85      		ldd r22,Y+11
 1415 0880 7C85      		ldd r23,Y+12
 1416 0882 8D85      		ldd r24,Y+13
 1417 0884 9E85      		ldd r25,Y+14
 1418 0886 20E0      		ldi r18,lo8(0x457a0000)
 1419 0888 30E0      		ldi r19,hi8(0x457a0000)
 1420 088a 4AE7      		ldi r20,hlo8(0x457a0000)
 1421 088c 55E4      		ldi r21,hhi8(0x457a0000)
 1422 088e 0E94 0000 		call __mulsf3
 1423 0892 DC01      		movw r26,r24
 1424 0894 CB01      		movw r24,r22
 1425 0896 8F83      		std Y+7,r24
 1426 0898 9887      		std Y+8,r25
 1427 089a A987      		std Y+9,r26
 1428 089c BA87      		std Y+10,r27
 1429               	.LM99:
 1430 089e 6F81      		ldd r22,Y+7
 1431 08a0 7885      		ldd r23,Y+8
 1432 08a2 8985      		ldd r24,Y+9
 1433 08a4 9A85      		ldd r25,Y+10
 1434 08a6 20E0      		ldi r18,lo8(0x3f800000)
 1435 08a8 30E0      		ldi r19,hi8(0x3f800000)
 1436 08aa 40E8      		ldi r20,hlo8(0x3f800000)
 1437 08ac 5FE3      		ldi r21,hhi8(0x3f800000)
 1438 08ae 0E94 0000 		call __ltsf2
 1439 08b2 8823      		tst r24
 1440 08b4 04F4      		brge .L116
 1441               	.L114:
 1442               	.LM100:
 1443 08b6 81E0      		ldi r24,lo8(1)
 1444 08b8 90E0      		ldi r25,hi8(1)
 1445 08ba 9E83      		std Y+6,r25
 1446 08bc 8D83      		std Y+5,r24
 1447 08be 00C0      		rjmp .L107
 1448               	.L116:
 1449               	.LM101:
 1450 08c0 6F81      		ldd r22,Y+7
 1451 08c2 7885      		ldd r23,Y+8
 1452 08c4 8985      		ldd r24,Y+9
 1453 08c6 9A85      		ldd r25,Y+10
 1454 08c8 20E0      		ldi r18,lo8(0x477fff00)
 1455 08ca 3FEF      		ldi r19,hi8(0x477fff00)
 1456 08cc 4FE7      		ldi r20,hlo8(0x477fff00)
 1457 08ce 57E4      		ldi r21,hhi8(0x477fff00)
 1458 08d0 0E94 0000 		call __gtsf2
 1459 08d4 1816      		cp __zero_reg__,r24
 1460 08d6 04F4      		brge .L117
 1461               	.L115:
 1462               	.LM102:
 1463 08d8 6B85      		ldd r22,Y+11
 1464 08da 7C85      		ldd r23,Y+12
 1465 08dc 8D85      		ldd r24,Y+13
 1466 08de 9E85      		ldd r25,Y+14
 1467 08e0 20E0      		ldi r18,lo8(0x41200000)
 1468 08e2 30E0      		ldi r19,hi8(0x41200000)
 1469 08e4 40E2      		ldi r20,hlo8(0x41200000)
 1470 08e6 51E4      		ldi r21,hhi8(0x41200000)
 1471 08e8 0E94 0000 		call __mulsf3
 1472 08ec DC01      		movw r26,r24
 1473 08ee CB01      		movw r24,r22
 1474 08f0 BC01      		movw r22,r24
 1475 08f2 CD01      		movw r24,r26
 1476 08f4 0E94 0000 		call __fixunssfsi
 1477 08f8 DC01      		movw r26,r24
 1478 08fa CB01      		movw r24,r22
 1479 08fc 9E83      		std Y+6,r25
 1480 08fe 8D83      		std Y+5,r24
 1481 0900 00C0      		rjmp .L110
 1482               	.L111:
 1483 0902 80E9      		ldi r24,lo8(400)
 1484 0904 91E0      		ldi r25,hi8(400)
 1485 0906 9C83      		std Y+4,r25
 1486 0908 8B83      		std Y+3,r24
 1487               	.LBB90:
 1488               	.LBB91:
 1489               	.LM103:
 1490 090a 8B81      		ldd r24,Y+3
 1491 090c 9C81      		ldd r25,Y+4
 1492               	/* #APP */
 1493               	 ;  105 "d:/softwares/winavr/lib/gcc/../../avr/include/util/delay_basic.h" 1
 1494 090e 0197      		1: sbiw r24,1
 1495 0910 01F4      		brne 1b
 1496               	 ;  0 "" 2
 1497               	/* #NOAPP */
 1498 0912 9C83      		std Y+4,r25
 1499 0914 8B83      		std Y+3,r24
 1500               	.LBE91:
 1501               	.LBE90:
 1502               	.LM104:
 1503 0916 8D81      		ldd r24,Y+5
 1504 0918 9E81      		ldd r25,Y+6
 1505 091a 0197      		sbiw r24,1
 1506 091c 9E83      		std Y+6,r25
 1507 091e 8D83      		std Y+5,r24
 1508               	.L110:
 1509               	.LM105:
 1510 0920 8D81      		ldd r24,Y+5
 1511 0922 9E81      		ldd r25,Y+6
 1512 0924 0097      		sbiw r24,0
 1513 0926 01F4      		brne .L111
 1514 0928 00C0      		rjmp .L113
 1515               	.L117:
 1516               	.LM106:
 1517 092a 6F81      		ldd r22,Y+7
 1518 092c 7885      		ldd r23,Y+8
 1519 092e 8985      		ldd r24,Y+9
 1520 0930 9A85      		ldd r25,Y+10
 1521 0932 0E94 0000 		call __fixunssfsi
 1522 0936 DC01      		movw r26,r24
 1523 0938 CB01      		movw r24,r22
 1524 093a 9E83      		std Y+6,r25
 1525 093c 8D83      		std Y+5,r24
 1526               	.L107:
 1527 093e 8D81      		ldd r24,Y+5
 1528 0940 9E81      		ldd r25,Y+6
 1529 0942 9A83      		std Y+2,r25
 1530 0944 8983      		std Y+1,r24
 1531               	.LBB92:
 1532               	.LBB93:
 1533               	.LM107:
 1534 0946 8981      		ldd r24,Y+1
 1535 0948 9A81      		ldd r25,Y+2
 1536               	/* #APP */
 1537               	 ;  105 "d:/softwares/winavr/lib/gcc/../../avr/include/util/delay_basic.h" 1
 1538 094a 0197      		1: sbiw r24,1
 1539 094c 01F4      		brne 1b
 1540               	 ;  0 "" 2
 1541               	/* #NOAPP */
 1542 094e 9A83      		std Y+2,r25
 1543 0950 8983      		std Y+1,r24
 1544               	.L113:
 1545               	/* epilogue start */
 1546               	.LBE93:
 1547               	.LBE92:
 1548               	.LBE89:
 1549               	.LBE88:
 1550               	.LM108:
 1551 0952 2E96      		adiw r28,14
 1552 0954 DEBF      		out __SP_H__,r29
 1553 0956 CDBF      		out __SP_L__,r28
 1554 0958 CF91      		pop r28
 1555 095a DF91      		pop r29
 1556 095c FF91      		pop r31
 1557 095e EF91      		pop r30
 1558 0960 BF91      		pop r27
 1559 0962 AF91      		pop r26
 1560 0964 9F91      		pop r25
 1561 0966 8F91      		pop r24
 1562 0968 7F91      		pop r23
 1563 096a 6F91      		pop r22
 1564 096c 5F91      		pop r21
 1565 096e 4F91      		pop r20
 1566 0970 3F91      		pop r19
 1567 0972 2F91      		pop r18
 1568 0974 0F90      		pop r0
 1569 0976 0FBE      		out __SREG__,r0
 1570 0978 0F90      		pop r0
 1571 097a 1F90      		pop __zero_reg__
 1572 097c 1895      		reti
 1573               	.LFE12:
 1647               	.Letext0:
DEFINED SYMBOLS
                            *ABS*:00000000 ext_interrupt.c
C:\DOCUME~1\ABHINU~1\LOCALS~1\Temp/ccqpN83D.s:2      *ABS*:0000003f __SREG__
C:\DOCUME~1\ABHINU~1\LOCALS~1\Temp/ccqpN83D.s:3      *ABS*:0000003e __SP_H__
C:\DOCUME~1\ABHINU~1\LOCALS~1\Temp/ccqpN83D.s:4      *ABS*:0000003d __SP_L__
C:\DOCUME~1\ABHINU~1\LOCALS~1\Temp/ccqpN83D.s:5      *ABS*:00000034 __CCP__
C:\DOCUME~1\ABHINU~1\LOCALS~1\Temp/ccqpN83D.s:6      *ABS*:00000000 __tmp_reg__
C:\DOCUME~1\ABHINU~1\LOCALS~1\Temp/ccqpN83D.s:7      *ABS*:00000001 __zero_reg__
C:\DOCUME~1\ABHINU~1\LOCALS~1\Temp/ccqpN83D.s:18     .text:00000000 delay
C:\DOCUME~1\ABHINU~1\LOCALS~1\Temp/ccqpN83D.s:247    .text:0000016a delay_10ms
C:\DOCUME~1\ABHINU~1\LOCALS~1\Temp/ccqpN83D.s:459    .text:000002b8 delay_10us
C:\DOCUME~1\ABHINU~1\LOCALS~1\Temp/ccqpN83D.s:747    .text:00000474 main
C:\DOCUME~1\ABHINU~1\LOCALS~1\Temp/ccqpN83D.s:953    .text:000005a6 __vector_1
C:\DOCUME~1\ABHINU~1\LOCALS~1\Temp/ccqpN83D.s:1161   .text:000006ee __vector_2
C:\DOCUME~1\ABHINU~1\LOCALS~1\Temp/ccqpN83D.s:1369   .text:00000836 __vector_11

UNDEFINED SYMBOLS
__mulsf3
__ltsf2
__gtsf2
__fixunssfsi
__subsf3
__nesf2
__divsf3
